INFO  2025-09-20 18:45:30,340 serena.cli:health_check:557 - Starting health check for project: /Users/rose/Code/Yiana
INFO  2025-09-20 18:45:30,340 serena.cli:health_check:561 - Creating SerenaAgent with disabled dashboard...
INFO  2025-09-20 18:45:30,370 serena.agent:__init__:204 - Starting Serena server (version=0.1.4-61e69ded-dirty, process id=14212, parent process id=14192)
INFO  2025-09-20 18:45:30,370 serena.agent:__init__:205 - Configuration file: None
INFO  2025-09-20 18:45:30,370 serena.agent:__init__:206 - Available projects: 
INFO  2025-09-20 18:45:30,370 serena.agent:__init__:207 - Loaded tools (36): read_file, create_text_file, list_dir, find_file, replace_regex, delete_lines, replace_lines, insert_at_line, search_for_pattern, restart_language_server, get_symbols_overview, find_symbol, find_referencing_symbols, replace_symbol_body, insert_after_symbol, insert_before_symbol, write_memory, read_memory, list_memories, delete_memory, execute_shell_command, activate_project, remove_project, switch_modes, get_current_config, check_onboarding_performed, onboarding, think_about_collected_information, think_about_task_adherence, think_about_whether_you_are_done, summarize_changes, prepare_for_new_conversation, initial_instructions, jet_brains_find_symbol, jet_brains_find_referencing_symbols, jet_brains_get_symbols_overview
INFO  2025-09-20 18:45:30,370 serena.config.serena_config:apply:106 - SerenaAgentContext[name='desktop-app'] included 1 tools: switch_modes
INFO  2025-09-20 18:45:30,371 serena.agent:__init__:221 - Number of exposed tools: 26
INFO  2025-09-20 18:45:30,382 serena.agent:_update_active_tools:401 - Active tools (26): activate_project, check_onboarding_performed, create_text_file, delete_memory, execute_shell_command, find_file, find_referencing_symbols, find_symbol, get_current_config, get_symbols_overview, insert_after_symbol, insert_before_symbol, list_dir, list_memories, onboarding, prepare_for_new_conversation, read_file, read_memory, replace_regex, replace_symbol_body, search_for_pattern, switch_modes, think_about_collected_information, think_about_task_adherence, think_about_whether_you_are_done, write_memory
INFO  2025-09-20 18:45:30,383 serena.util.file_system:start:329 - Loading of .gitignore files starting ...
INFO  2025-09-20 18:45:30,383 serena.util.file_system:_load_gitignore_files:143 - Processing .gitignore file: /Users/rose/Code/Yiana/.gitignore
INFO  2025-09-20 18:45:30,384 serena.util.file_system:_load_gitignore_files:143 - Processing .gitignore file: /Users/rose/Code/Yiana/.serena/.gitignore
INFO  2025-09-20 18:45:30,386 serena.util.file_system:stop:336 - Loading of .gitignore files completed in 0.003 seconds
INFO  2025-09-20 18:45:30,386 serena.agent:load_project_from_path_or_name:476 - Added new project Yiana for path /Users/rose/Code/Yiana
INFO  2025-09-20 18:45:30,386 serena.agent:_activate_project:441 - Activating Yiana at /Users/rose/Code/Yiana
INFO  2025-09-20 18:45:30,386 serena.agent:_update_active_tools:401 - Active tools (26): activate_project, check_onboarding_performed, create_text_file, delete_memory, execute_shell_command, find_file, find_referencing_symbols, find_symbol, get_current_config, get_symbols_overview, insert_after_symbol, insert_before_symbol, list_dir, list_memories, onboarding, prepare_for_new_conversation, read_file, read_memory, replace_regex, replace_symbol_body, search_for_pattern, switch_modes, think_about_collected_information, think_about_task_adherence, think_about_whether_you_are_done, write_memory
INFO  2025-09-20 18:45:30,386 serena.agent:issue_task:420 - Scheduling Task-1[init_language_server]
INFO  2025-09-20 18:45:30,386 serena.agent:start:329 - Task-1[init_language_server] starting ...
INFO  2025-09-20 18:45:30,386 serena.cli:health_check:564 - SerenaAgent created successfully
INFO  2025-09-20 18:45:30,386 serena.agent:start:329 - Language server initialization starting ...
INFO  2025-09-20 18:45:30,386 serena.cli:health_check:567 - Searching for analyzable files...
INFO  2025-09-20 18:45:30,387 serena.project:create_language_server:303 - Creating language server instance for /Users/rose/Code/Yiana.
INFO  2025-09-20 18:45:30,407 serena.cli:health_check:576 - Found analyzable file: YianaOCRService/Package.swift
INFO  2025-09-20 18:45:30,407 serena.cli:health_check:594 - Testing GetSymbolsOverviewTool on file: YianaOCRService/Package.swift
INFO  2025-09-20 18:45:30,407 serena.agent:issue_task:420 - Scheduling Task-2[<lambda>]
INFO  2025-09-20 18:45:30,460 solidlsp:__init__:52 - Starting sourcekit lsp with version: OVERVIEW: Language Server Protocol implementation for Swift and C-based languages  USAGE: sourcekit-lsp [--configuration <configuration>] [--scratch-path <scratch-path>] [-Xcc <Xcc> ...] [-Xcxx <Xcxx> ...] [-Xlinker <Xlinker> ...] [-Xswiftc <Xswiftc> ...] [-Xclangd <Xclangd> ...] [-index-prefix-map <index-prefix-map> ...] [--default-workspace-type <default-workspace-type>] [--compilation-db-search-path <compilation-db-search-path> ...] [--generated-files-path <generated-files-path>] [--experimental-feature <experimental-feature> ...] <subcommand>  OPTIONS:   --configuration <configuration>                           Build with configuration [debug|release] (default:                           debug)   --scratch-path, --build-path <scratch-path>                           Specify build/cache directory (--build-path option is                           deprecated, --scratch-path should be used instead)   -Xcc <Xcc>              Pass flag through to all C compiler invocations   -Xcxx <Xcxx>            Pass flag through to all C++ compiler invocations   -Xlinker <Xlinker>      Pass flag through to all linker invocations   -Xswiftc <Xswiftc>      Pass flag through to all Swift compiler invocations   -Xclangd <Xclangd>      Pass options to clangd command-line   -index-prefix-map <index-prefix-map>                           Override the prefix map from the build system, values                           of form "remote=local"   --default-workspace-type <default-workspace-type>                           Override default workspace type selection; one of                           "swiftPM", "compilationDatabase", or "buildServer"   --compilation-db-search-path <compilation-db-search-path>                           Specify a relative path where sourcekit-lsp should                           search for `compile_commands.json` or                           `compile_flags.txt` relative to the root of a                           workspace. Multiple search paths may be specified by                           repeating this option.   --generated-files-path <generated-files-path>                           Specify the directory where generated files will be                           stored   --experimental-feature <experimental-feature>                           Enable an experimental sourcekit-lsp feature.                           Available features are: on-type-formatting,                           structured-logs   -h, --help              Show help information.  SUBCOMMANDS:   diagnose                Creates a bundle containing information that help                           diagnose issues with sourcekit-lsp   debug                   Commands to debug sourcekit-lsp. Intended for                           developers of sourcekit-lsp    See "sourcekit-lsp help <subcommand>" for detailed help.
INFO  2025-09-20 18:45:30,460 solidlsp:load_cache:1553 - Loading document symbols cache from /Users/rose/Code/Yiana/.serena/cache/swift/document_symbols_cache_v23-06-25.pkl
INFO  2025-09-20 18:45:30,461 solidlsp:load_cache:1557 - Loaded 4 document symbols from cache.
INFO  2025-09-20 18:45:30,462 serena.agent:reset_language_server:594 - Starting the language server for Yiana
INFO  2025-09-20 18:45:30,462 solidlsp:start:1599 - Starting language server with language swift for /Users/rose/Code/Yiana
INFO  2025-09-20 18:45:30,462 solidlsp:_start_server:326 - Starting sourcekit-lsp server process
INFO  2025-09-20 18:45:30,463 solidlsp.ls_handler:start:189 - Starting language server process via command: sourcekit-lsp
INFO  2025-09-20 18:45:30,465 solidlsp:_start_server:330 - Sending initialize request from LSP client to LSP server and awaiting response
INFO  2025-09-20 18:45:30,524 solidlsp:_start_server:337 - SourceKit LSP capabilities: ["textDocumentSync", "documentFormattingProvider", "renameProvider", "declarationProvider", "experimental", "referencesProvider", "documentRangeFormattingProvider", "typeHierarchyProvider", "workspace", "colorProvider", "definitionProvider", "codeLensProvider", "documentHighlightProvider", "documentSymbolProvider", "workspaceSymbolProvider", "callHierarchyProvider", "implementationProvider", "hoverProvider", "codeActionProvider"]
INFO  2025-09-20 18:45:30,524 serena.agent:stop:336 - Language server initialization completed in 0.138 seconds
INFO  2025-09-20 18:45:30,524 serena.agent:stop:336 - Task-1[init_language_server] completed in 0.138 seconds
INFO  2025-09-20 18:45:30,524 serena.agent:start:329 - Task-2[<lambda>] starting ...
INFO  2025-09-20 18:45:30,529 solidlsp:window_log_message:316 - LSP: window/logMessage: {"type": 3, "message": "拘럺잺游린游린 SwiftPM log for /Users/rose/Code/Yiana/YianaOCRService", "logName": "SourceKit-LSP: Indexing"}
INFO  2025-09-20 18:45:31,644 solidlsp:window_log_message:316 - LSP: window/logMessage: {"type": 3, "message": "拘럺잺游린游린 [debug]: "Package.resolved" origin hash is missing. resolving and updating accordingly", "logName": "SourceKit-LSP: Indexing"}
INFO  2025-09-20 18:45:31,644 solidlsp:window_log_message:316 - LSP: window/logMessage: {"type": 3, "message": "拘럺잺游린游린 [debug]: resolving and updating "Package.resolved"", "logName": "SourceKit-LSP: Indexing"}
INFO  2025-09-20 18:45:31,651 solidlsp:window_log_message:316 - LSP: window/logMessage: {"type": 3, "message": "拘럺잺游린游린 [debug]: evaluating manifest for "yianaocrservice" v. unknown", "logName": "SourceKit-LSP: Indexing"}
INFO  2025-09-20 18:45:31,702 serena.agent:stop:336 - Task-2[<lambda>] completed in 1.178 seconds
INFO  2025-09-20 18:45:31,702 serena.cli:health_check:597 - GetSymbolsOverviewTool returned 1 symbols
INFO  2025-09-20 18:45:31,702 serena.cli:health_check:618 - No class or function found, using first available symbol
INFO  2025-09-20 18:45:31,702 serena.cli:health_check:622 - Using symbol for testing: package (kind: 13)
INFO  2025-09-20 18:45:31,702 serena.cli:health_check:625 - Testing FindSymbolTool for symbol: package
INFO  2025-09-20 18:45:31,702 serena.agent:issue_task:420 - Scheduling Task-3[<lambda>]
INFO  2025-09-20 18:45:31,702 serena.agent:start:329 - Task-3[<lambda>] starting ...
INFO  2025-09-20 18:45:31,705 serena.agent:stop:336 - Task-3[<lambda>] completed in 0.002 seconds
INFO  2025-09-20 18:45:31,705 serena.cli:health_check:630 - FindSymbolTool found 1 matches for symbol package
INFO  2025-09-20 18:45:31,705 serena.cli:health_check:633 - Testing FindReferencingSymbolsTool for symbol: package
INFO  2025-09-20 18:45:31,705 serena.agent:issue_task:420 - Scheduling Task-4[<lambda>]
INFO  2025-09-20 18:45:31,705 serena.agent:start:329 - Task-4[<lambda>] starting ...
INFO  2025-09-20 18:45:32,581 solidlsp:window_log_message:316 - LSP: window/logMessage: {"type": 3, "message": "拘럺잺游린游린 [debug]: loading manifest for "yianaocrservice" v. unknown from memory cache", "logName": "SourceKit-LSP: Indexing"}
INFO  2025-09-20 18:45:32,582 solidlsp:window_log_message:316 - LSP: window/logMessage: {"logName": "SourceKit-LSP: Indexing", "type": 3, "message": "拘럺잺游린游린 [debug]: [DependencyResolver] derived "swift-log" requirement "1.5.0..<2.0.0""}
INFO  2025-09-20 18:45:32,582 solidlsp:window_log_message:316 - LSP: window/logMessage: {"logName": "SourceKit-LSP: Indexing", "type": 3, "message": "拘럺잺游린游린 [debug]: [DependencyResolver] derived "swift-argument-parser" requirement "1.3.0..<2.0.0""}
INFO  2025-09-20 18:45:33,182 solidlsp:window_log_message:316 - LSP: window/logMessage: {"type": 3, "message": "拘럺잺游린游린 [debug]: [DependencyResolver] resolving "swift-log"", "logName": "SourceKit-LSP: Indexing"}
INFO  2025-09-20 18:45:33,203 solidlsp:window_log_message:316 - LSP: window/logMessage: {"type": 3, "message": "拘럺잺游린游린 [debug]: evaluating manifest for "swift-log" v. 1.6.4", "logName": "SourceKit-LSP: Indexing"}
INFO  2025-09-20 18:45:33,616 solidlsp:window_log_message:316 - LSP: window/logMessage: {"message": "拘럺잺游린游린 [debug]: [DependencyResolver] resolved "swift-log" @ "1.6.4"", "type": 3, "logName": "SourceKit-LSP: Indexing"}
INFO  2025-09-20 18:45:33,616 solidlsp:window_log_message:316 - LSP: window/logMessage: {"message": "拘럺잺游린游린 [debug]: [DependencyResolver] resolving "swift-argument-parser"", "type": 3, "logName": "SourceKit-LSP: Indexing"}
INFO  2025-09-20 18:45:33,652 solidlsp:window_log_message:316 - LSP: window/logMessage: {"message": "拘럺잺游린游린 [debug]: evaluating manifest for "swift-argument-parser" v. 1.6.1", "type": 3, "logName": "SourceKit-LSP: Indexing"}
INFO  2025-09-20 18:45:34,058 solidlsp:window_log_message:316 - LSP: window/logMessage: {"message": "拘럺잺游린游린 [debug]: [DependencyResolver] resolved "swift-argument-parser" @ "1.6.1"", "type": 3, "logName": "SourceKit-LSP: Indexing"}
INFO  2025-09-20 18:45:34,078 solidlsp:window_log_message:316 - LSP: window/logMessage: {"message": "拘럺잺游린游린 [debug]: loading manifest for "swift-log" v. 1.6.4 from memory cache", "type": 3, "logName": "SourceKit-LSP: Indexing"}
INFO  2025-09-20 18:45:34,096 solidlsp:window_log_message:316 - LSP: window/logMessage: {"message": "拘럺잺游린游린 [debug]: loading manifest for "swift-argument-parser" v. 1.6.1 from memory cache", "type": 3, "logName": "SourceKit-LSP: Indexing"}
INFO  2025-09-20 18:45:34,096 solidlsp:window_log_message:316 - LSP: window/logMessage: {"message": "拘럺잺游린游린 [debug]: [DependencyResolver] solved "swift-argument-parser" (https://github.com/apple/swift-argument-parser) at "1.6.1"", "type": 3, "logName": "SourceKit-LSP: Indexing"}
INFO  2025-09-20 18:45:34,096 solidlsp:window_log_message:316 - LSP: window/logMessage: {"message": "拘럺잺游린游린 [debug]: [DependencyResolver] solved "swift-log" (https://github.com/apple/swift-log) at "1.6.4"", "type": 3, "logName": "SourceKit-LSP: Indexing"}
INFO  2025-09-20 18:45:34,096 solidlsp:window_log_message:316 - LSP: window/logMessage: {"message": "拘럺잺游린游린 [debug]: [DependencyResolver] solved "yianaocrservice" (/Users/rose/Code/Yiana/YianaOCRService) at "unversioned"", "type": 3, "logName": "SourceKit-LSP: Indexing"}
INFO  2025-09-20 18:45:34,097 solidlsp:window_log_message:316 - LSP: window/logMessage: {"message": "拘럺잺游린游린 [debug]: [DependencyResolver] dependency resolution complete!", "type": 3, "logName": "SourceKit-LSP: Indexing"}
INFO  2025-09-20 18:45:34,163 solidlsp:window_log_message:316 - LSP: window/logMessage: {"message": "拘럺잺游린游린 [debug]: adding "swift-log" (https://github.com/apple/swift-log) to managed dependencies", "type": 3, "logName": "SourceKit-LSP: Indexing"}
INFO  2025-09-20 18:45:34,165 solidlsp:window_log_message:316 - LSP: window/logMessage: {"message": "拘럺잺游린游린 [debug]: `https://github.com/apple/swift-log` checked out at 1.6.4 (ce592ae52f982c847a4efc0dd881cc9eb32d29f2)", "type": 3, "logName": "SourceKit-LSP: Indexing"}
INFO  2025-09-20 18:45:34,289 solidlsp:window_log_message:316 - LSP: window/logMessage: {"message": "拘럺잺游린游린 [debug]: adding "swift-argument-parser" (https://github.com/apple/swift-argument-parser) to managed dependencies", "type": 3, "logName": "SourceKit-LSP: Indexing"}
INFO  2025-09-20 18:45:34,289 solidlsp:window_log_message:316 - LSP: window/logMessage: {"message": "拘럺잺游린游린 [debug]: `https://github.com/apple/swift-argument-parser` checked out at 1.6.1 (309a47b2b1d9b5e991f36961c983ecec72275be3)", "type": 3, "logName": "SourceKit-LSP: Indexing"}
INFO  2025-09-20 18:45:34,291 solidlsp:window_log_message:316 - LSP: window/logMessage: {"message": "拘럺잺游린游린 [debug]: evaluating manifest for "swift-argument-parser" v. 1.6.1", "type": 3, "logName": "SourceKit-LSP: Indexing"}
INFO  2025-09-20 18:45:34,291 solidlsp:window_log_message:316 - LSP: window/logMessage: {"message": "拘럺잺游린游린 [debug]: evaluating manifest for "swift-log" v. 1.6.4", "type": 3, "logName": "SourceKit-LSP: Indexing"}
INFO  2025-09-20 18:45:34,818 solidlsp:window_log_message:316 - LSP: window/logMessage: {"type": 3, "message": "游릶游릵游릳 Preparing GenerateDoccReference\n游릶游릵游릳 /Applications/Xcode.app/Contents/Developer/Toolchains/XcodeDefault.xctoolchain/usr/bin/swift build --package-path /Users/rose/Code/Yiana/YianaOCRService --scratch-path /Users/rose/Code/Yiana/YianaOCRService/.build/index-build --disable-index-store --target GenerateDoccReference -c debug --experimental-prepare-for-indexing", "logName": "SourceKit-LSP: Indexing"}
INFO  2025-09-20 18:45:36,208 solidlsp:window_log_message:316 - LSP: window/logMessage: {"logName": "SourceKit-LSP: Indexing", "type": 3, "message": "游릶游릵游릳 [1/1] Compiling plugin GenerateDoccReference"}
INFO  2025-09-20 18:45:36,209 solidlsp:window_log_message:316 - LSP: window/logMessage: {"logName": "SourceKit-LSP: Indexing", "type": 3, "message": "游릶游릵游릳 Finished with exit code 0 in 1.390918875 seconds"}
INFO  2025-09-20 18:45:36,210 solidlsp:window_log_message:316 - LSP: window/logMessage: {"logName": "SourceKit-LSP: Indexing", "type": 3, "message": "游린游린拘勇 Preparing GenerateManual\n游린游린拘勇 /Applications/Xcode.app/Contents/Developer/Toolchains/XcodeDefault.xctoolchain/usr/bin/swift build --package-path /Users/rose/Code/Yiana/YianaOCRService --scratch-path /Users/rose/Code/Yiana/YianaOCRService/.build/index-build --disable-index-store --target GenerateManual -c debug --experimental-prepare-for-indexing"}
INFO  2025-09-20 18:45:36,211 solidlsp:window_log_message:316 - LSP: window/logMessage: {"logName": "SourceKit-LSP: Indexing", "type": 3, "message": "拘럺잺拘勇游린 Indexing /Users/rose/Code/Yiana/YianaOCRService/.build/index-build/checkouts/swift-argument-parser/Plugins/GenerateDoccReference/GenerateDoccReference.swift\n拘럺잺拘勇游린 /Applications/Xcode.app/Contents/Developer/Toolchains/XcodeDefault.xctoolchain/usr/bin/swiftc -swift-version 5 -I /Applications/Xcode.app/Contents/Developer/Toolchains/XcodeDefault.xctoolchain/usr/lib/swift/pm/ManifestAPI -sdk /Applications/Xcode.app/Contents/Developer/Platforms/MacOSX.platform/Developer/SDKs/MacOSX26.0.sdk -package-description-version 5.8.0 /Users/rose/Code/Yiana/YianaOCRService/.build/index-build/checkouts/swift-argument-parser/Plugins/GenerateDoccReference/GenerateDoccReference.swift /Users/rose/Code/Yiana/YianaOCRService/.build/index-build/checkouts/swift-argument-parser/Plugins/GenerateDoccReference/GenerateDoccReferenceError.swift /Users/rose/Code/Yiana/YianaOCRService/.build/index-build/checkouts/swift-argument-parser/Plugins/GenerateDoccReference/PackagePlugin+Helpers.swift -index-unit-output-path /Users/rose/Code/Yiana/YianaOCRService/.build/index-build/checkouts/swift-argument-parser/Plugins/GenerateDoccReference/GenerateDoccReference.swift.o -Xfrontend -empty-abi-descriptor -Xcc -fretain-comments-from-system-headers -Xcc -Xclang -Xcc -detailed-preprocessing-record -Xcc -Xclang -Xcc -fmodule-format=raw -Xcc -Xclang -Xcc -fallow-pch-with-compiler-errors -Xcc -Xclang -Xcc -fallow-pcm-with-compiler-errors -Xcc -Wno-non-modular-include-in-framework-module -Xcc -Wno-incomplete-umbrella -index-file -index-file-path /Users/rose/Code/Yiana/YianaOCRService/.build/index-build/checkouts/swift-argument-parser/Plugins/GenerateDoccReference/GenerateDoccReference.swift -disable-batch-mode -index-store-path /Users/rose/Code/Yiana/YianaOCRService/.build/index-build/arm64-apple-macosx/debug/index/store"}
INFO  2025-09-20 18:45:36,211 solidlsp:window_log_message:316 - LSP: window/logMessage: {"logName": "SourceKit-LSP: Indexing", "type": 3, "message": "游린游릵游릱 Indexing /Users/rose/Code/Yiana/YianaOCRService/.build/index-build/checkouts/swift-argument-parser/Plugins/GenerateDoccReference/PackagePlugin+Helpers.swift\n游린游릵游릱 /Applications/Xcode.app/Contents/Developer/Toolchains/XcodeDefault.xctoolchain/usr/bin/swiftc -swift-version 5 -I /Applications/Xcode.app/Contents/Developer/Toolchains/XcodeDefault.xctoolchain/usr/lib/swift/pm/ManifestAPI -sdk /Applications/Xcode.app/Contents/Developer/Platforms/MacOSX.platform/Developer/SDKs/MacOSX26.0.sdk -package-description-version 5.8.0 /Users/rose/Code/Yiana/YianaOCRService/.build/index-build/checkouts/swift-argument-parser/Plugins/GenerateDoccReference/GenerateDoccReference.swift /Users/rose/Code/Yiana/YianaOCRService/.build/index-build/checkouts/swift-argument-parser/Plugins/GenerateDoccReference/GenerateDoccReferenceError.swift /Users/rose/Code/Yiana/YianaOCRService/.build/index-build/checkouts/swift-argument-parser/Plugins/GenerateDoccReference/PackagePlugin+Helpers.swift -index-unit-output-path /Users/rose/Code/Yiana/YianaOCRService/.build/index-build/checkouts/swift-argument-parser/Plugins/GenerateDoccReference/PackagePlugin+Helpers.swift.o -Xfrontend -empty-abi-descriptor -Xcc -fretain-comments-from-system-headers -Xcc -Xclang -Xcc -detailed-preprocessing-record -Xcc -Xclang -Xcc -fmodule-format=raw -Xcc -Xclang -Xcc -fallow-pch-with-compiler-errors -Xcc -Xclang -Xcc -fallow-pcm-with-compiler-errors -Xcc -Wno-non-modular-include-in-framework-module -Xcc -Wno-incomplete-umbrella -index-file -index-file-path /Users/rose/Code/Yiana/YianaOCRService/.build/index-build/checkouts/swift-argument-parser/Plugins/GenerateDoccReference/PackagePlugin+Helpers.swift -disable-batch-mode -index-store-path /Users/rose/Code/Yiana/YianaOCRService/.build/index-build/arm64-apple-macosx/debug/index/store"}
INFO  2025-09-20 18:45:36,211 solidlsp:window_log_message:316 - LSP: window/logMessage: {"logName": "SourceKit-LSP: Indexing", "type": 3, "message": "游릳游릳游릵 Indexing /Users/rose/Code/Yiana/YianaOCRService/.build/index-build/checkouts/swift-argument-parser/Plugins/GenerateDoccReference/GenerateDoccReferenceError.swift\n游릳游릳游릵 /Applications/Xcode.app/Contents/Developer/Toolchains/XcodeDefault.xctoolchain/usr/bin/swiftc -swift-version 5 -I /Applications/Xcode.app/Contents/Developer/Toolchains/XcodeDefault.xctoolchain/usr/lib/swift/pm/ManifestAPI -sdk /Applications/Xcode.app/Contents/Developer/Platforms/MacOSX.platform/Developer/SDKs/MacOSX26.0.sdk -package-description-version 5.8.0 /Users/rose/Code/Yiana/YianaOCRService/.build/index-build/checkouts/swift-argument-parser/Plugins/GenerateDoccReference/GenerateDoccReference.swift /Users/rose/Code/Yiana/YianaOCRService/.build/index-build/checkouts/swift-argument-parser/Plugins/GenerateDoccReference/GenerateDoccReferenceError.swift /Users/rose/Code/Yiana/YianaOCRService/.build/index-build/checkouts/swift-argument-parser/Plugins/GenerateDoccReference/PackagePlugin+Helpers.swift -index-unit-output-path /Users/rose/Code/Yiana/YianaOCRService/.build/index-build/checkouts/swift-argument-parser/Plugins/GenerateDoccReference/GenerateDoccReferenceError.swift.o -Xfrontend -empty-abi-descriptor -Xcc -fretain-comments-from-system-headers -Xcc -Xclang -Xcc -detailed-preprocessing-record -Xcc -Xclang -Xcc -fmodule-format=raw -Xcc -Xclang -Xcc -fallow-pch-with-compiler-errors -Xcc -Xclang -Xcc -fallow-pcm-with-compiler-errors -Xcc -Wno-non-modular-include-in-framework-module -Xcc -Wno-incomplete-umbrella -index-file -index-file-path /Users/rose/Code/Yiana/YianaOCRService/.build/index-build/checkouts/swift-argument-parser/Plugins/GenerateDoccReference/GenerateDoccReferenceError.swift -disable-batch-mode -index-store-path /Users/rose/Code/Yiana/YianaOCRService/.build/index-build/arm64-apple-macosx/debug/index/store"}
INFO  2025-09-20 18:45:36,623 solidlsp:window_log_message:316 - LSP: window/logMessage: {"logName": "SourceKit-LSP: Indexing", "type": 3, "message": "游린游린拘勇 [0/1] Planning build"}
INFO  2025-09-20 18:45:37,208 solidlsp:window_log_message:316 - LSP: window/logMessage: {"logName": "SourceKit-LSP: Indexing", "type": 3, "message": "游린游린拘勇 [1/1] Compiling plugin GenerateManual"}
INFO  2025-09-20 18:45:37,822 solidlsp:window_log_message:316 - LSP: window/logMessage: {"logName": "SourceKit-LSP: Indexing", "type": 3, "message": "游릳游릳游릵 /Users/rose/Code/Yiana/YianaOCRService/.build/index-build/checkouts/swift-argument-parser/Plugins/GenerateDoccReference/GenerateDoccReference.swift:13:8: error: no such module "PackagePlugin""}
INFO  2025-09-20 18:45:37,822 solidlsp:window_log_message:316 - LSP: window/logMessage: {"logName": "SourceKit-LSP: Indexing", "type": 3, "message": "游릳游릳游릵  11 | "}
INFO  2025-09-20 18:45:37,823 solidlsp:window_log_message:316 - LSP: window/logMessage: {"logName": "SourceKit-LSP: Indexing", "type": 3, "message": "游릳游릳游릵  12 | import Foundation"}
INFO  2025-09-20 18:45:37,823 solidlsp:window_log_message:316 - LSP: window/logMessage: {"logName": "SourceKit-LSP: Indexing", "type": 3, "message": "游릳游릳游릵  13 | import PackagePlugin"}
INFO  2025-09-20 18:45:37,823 solidlsp:window_log_message:316 - LSP: window/logMessage: {"logName": "SourceKit-LSP: Indexing", "type": 3, "message": "游릳游릳游릵     |        `- error: no such module "PackagePlugin""}
INFO  2025-09-20 18:45:37,823 solidlsp:window_log_message:316 - LSP: window/logMessage: {"logName": "SourceKit-LSP: Indexing", "type": 3, "message": "游릳游릳游릵  14 | "}
INFO  2025-09-20 18:45:37,823 solidlsp:window_log_message:316 - LSP: window/logMessage: {"logName": "SourceKit-LSP: Indexing", "type": 3, "message": "游릳游릳游릵  15 | @main"}
INFO  2025-09-20 18:45:37,824 solidlsp:window_log_message:316 - LSP: window/logMessage: {"logName": "SourceKit-LSP: Indexing", "type": 3, "message": "拘럺잺拘勇游린 /Users/rose/Code/Yiana/YianaOCRService/.build/index-build/checkouts/swift-argument-parser/Plugins/GenerateDoccReference/GenerateDoccReference.swift:13:8: error: no such module "PackagePlugin""}
INFO  2025-09-20 18:45:37,824 solidlsp:window_log_message:316 - LSP: window/logMessage: {"logName": "SourceKit-LSP: Indexing", "type": 3, "message": "拘럺잺拘勇游린  11 | "}
INFO  2025-09-20 18:45:37,824 solidlsp:window_log_message:316 - LSP: window/logMessage: {"logName": "SourceKit-LSP: Indexing", "type": 3, "message": "拘럺잺拘勇游린  12 | import Foundation"}
INFO  2025-09-20 18:45:37,825 solidlsp:window_log_message:316 - LSP: window/logMessage: {"logName": "SourceKit-LSP: Indexing", "type": 3, "message": "拘럺잺拘勇游린  13 | import PackagePlugin"}
INFO  2025-09-20 18:45:37,825 solidlsp:window_log_message:316 - LSP: window/logMessage: {"logName": "SourceKit-LSP: Indexing", "type": 3, "message": "拘럺잺拘勇游린     |        `- error: no such module "PackagePlugin""}
INFO  2025-09-20 18:45:37,825 solidlsp:window_log_message:316 - LSP: window/logMessage: {"logName": "SourceKit-LSP: Indexing", "type": 3, "message": "拘럺잺拘勇游린  14 | "}
INFO  2025-09-20 18:45:37,825 solidlsp:window_log_message:316 - LSP: window/logMessage: {"logName": "SourceKit-LSP: Indexing", "type": 3, "message": "拘럺잺拘勇游린  15 | @main"}
INFO  2025-09-20 18:45:37,825 solidlsp:window_log_message:316 - LSP: window/logMessage: {"logName": "SourceKit-LSP: Indexing", "type": 3, "message": "游린游릵游릱 /Users/rose/Code/Yiana/YianaOCRService/.build/index-build/checkouts/swift-argument-parser/Plugins/GenerateDoccReference/GenerateDoccReference.swift:13:8: error: no such module "PackagePlugin""}
INFO  2025-09-20 18:45:37,826 solidlsp:window_log_message:316 - LSP: window/logMessage: {"logName": "SourceKit-LSP: Indexing", "type": 3, "message": "游린游릵游릱  11 | "}
INFO  2025-09-20 18:45:37,826 solidlsp:window_log_message:316 - LSP: window/logMessage: {"logName": "SourceKit-LSP: Indexing", "type": 3, "message": "游린游릵游릱  12 | import Foundation"}
INFO  2025-09-20 18:45:37,826 solidlsp:window_log_message:316 - LSP: window/logMessage: {"logName": "SourceKit-LSP: Indexing", "type": 3, "message": "游린游릵游릱  13 | import PackagePlugin"}
INFO  2025-09-20 18:45:37,826 solidlsp:window_log_message:316 - LSP: window/logMessage: {"logName": "SourceKit-LSP: Indexing", "type": 3, "message": "游린游릵游릱     |        `- error: no such module "PackagePlugin""}
INFO  2025-09-20 18:45:37,826 solidlsp:window_log_message:316 - LSP: window/logMessage: {"logName": "SourceKit-LSP: Indexing", "type": 3, "message": "游린游릵游릱  14 | "}
INFO  2025-09-20 18:45:37,827 solidlsp:window_log_message:316 - LSP: window/logMessage: {"logName": "SourceKit-LSP: Indexing", "type": 3, "message": "游린游릵游릱  15 | @main"}
INFO  2025-09-20 18:45:37,845 solidlsp:window_log_message:316 - LSP: window/logMessage: {"logName": "SourceKit-LSP: Indexing", "type": 1, "message": "游릳游릳游릵 Finished with exit code 1 in 1.634445417 seconds"}
INFO  2025-09-20 18:45:37,846 solidlsp:window_log_message:316 - LSP: window/logMessage: {"logName": "SourceKit-LSP: Indexing", "type": 1, "message": "游린游릵游릱 Finished with exit code 1 in 1.635156125 seconds"}
INFO  2025-09-20 18:45:37,846 solidlsp:window_log_message:316 - LSP: window/logMessage: {"logName": "SourceKit-LSP: Indexing", "type": 1, "message": "拘럺잺拘勇游린 Finished with exit code 1 in 1.635285667 seconds"}
INFO  2025-09-20 18:45:37,846 solidlsp:window_log_message:316 - LSP: window/logMessage: {"logName": "SourceKit-LSP: Indexing", "type": 3, "message": "游린游린拘勇 Finished with exit code 0 in 1.635970167 seconds"}
INFO  2025-09-20 18:45:37,846 solidlsp:window_log_message:316 - LSP: window/logMessage: {"message": "游릶游릳游릴 Preparing YianaOCRServiceTests\n游릶游릳游릴 /Applications/Xcode.app/Contents/Developer/Toolchains/XcodeDefault.xctoolchain/usr/bin/swift build --package-path /Users/rose/Code/Yiana/YianaOCRService --scratch-path /Users/rose/Code/Yiana/YianaOCRService/.build/index-build --disable-index-store --target YianaOCRServiceTests -c debug --experimental-prepare-for-indexing", "logName": "SourceKit-LSP: Indexing", "type": 3}
INFO  2025-09-20 18:45:37,847 solidlsp:window_log_message:316 - LSP: window/logMessage: {"message": "游릶拘럺잺游린 Indexing /Users/rose/Code/Yiana/YianaOCRService/.build/index-build/checkouts/swift-argument-parser/Plugins/GenerateManual/GenerateManualPlugin.swift\n游릶拘럺잺游린 /Applications/Xcode.app/Contents/Developer/Toolchains/XcodeDefault.xctoolchain/usr/bin/swiftc -swift-version 5 -I /Applications/Xcode.app/Contents/Developer/Toolchains/XcodeDefault.xctoolchain/usr/lib/swift/pm/ManifestAPI -sdk /Applications/Xcode.app/Contents/Developer/Platforms/MacOSX.platform/Developer/SDKs/MacOSX26.0.sdk -package-description-version 5.8.0 /Users/rose/Code/Yiana/YianaOCRService/.build/index-build/checkouts/swift-argument-parser/Plugins/GenerateManual/GenerateManualPlugin.swift /Users/rose/Code/Yiana/YianaOCRService/.build/index-build/checkouts/swift-argument-parser/Plugins/GenerateManual/GenerateManualPluginError.swift /Users/rose/Code/Yiana/YianaOCRService/.build/index-build/checkouts/swift-argument-parser/Plugins/GenerateManual/PackagePlugin+Helpers.swift -index-unit-output-path /Users/rose/Code/Yiana/YianaOCRService/.build/index-build/checkouts/swift-argument-parser/Plugins/GenerateManual/GenerateManualPlugin.swift.o -Xfrontend -empty-abi-descriptor -Xcc -fretain-comments-from-system-headers -Xcc -Xclang -Xcc -detailed-preprocessing-record -Xcc -Xclang -Xcc -fmodule-format=raw -Xcc -Xclang -Xcc -fallow-pch-with-compiler-errors -Xcc -Xclang -Xcc -fallow-pcm-with-compiler-errors -Xcc -Wno-non-modular-include-in-framework-module -Xcc -Wno-incomplete-umbrella -index-file -index-file-path /Users/rose/Code/Yiana/YianaOCRService/.build/index-build/checkouts/swift-argument-parser/Plugins/GenerateManual/GenerateManualPlugin.swift -disable-batch-mode -index-store-path /Users/rose/Code/Yiana/YianaOCRService/.build/index-build/arm64-apple-macosx/debug/index/store", "logName": "SourceKit-LSP: Indexing", "type": 3}
INFO  2025-09-20 18:45:37,847 solidlsp:window_log_message:316 - LSP: window/logMessage: {"message": "游릳拘勇拘勇 Indexing /Users/rose/Code/Yiana/YianaOCRService/.build/index-build/checkouts/swift-argument-parser/Plugins/GenerateManual/GenerateManualPluginError.swift\n游릳拘勇拘勇 /Applications/Xcode.app/Contents/Developer/Toolchains/XcodeDefault.xctoolchain/usr/bin/swiftc -swift-version 5 -I /Applications/Xcode.app/Contents/Developer/Toolchains/XcodeDefault.xctoolchain/usr/lib/swift/pm/ManifestAPI -sdk /Applications/Xcode.app/Contents/Developer/Platforms/MacOSX.platform/Developer/SDKs/MacOSX26.0.sdk -package-description-version 5.8.0 /Users/rose/Code/Yiana/YianaOCRService/.build/index-build/checkouts/swift-argument-parser/Plugins/GenerateManual/GenerateManualPlugin.swift /Users/rose/Code/Yiana/YianaOCRService/.build/index-build/checkouts/swift-argument-parser/Plugins/GenerateManual/GenerateManualPluginError.swift /Users/rose/Code/Yiana/YianaOCRService/.build/index-build/checkouts/swift-argument-parser/Plugins/GenerateManual/PackagePlugin+Helpers.swift -index-unit-output-path /Users/rose/Code/Yiana/YianaOCRService/.build/index-build/checkouts/swift-argument-parser/Plugins/GenerateManual/GenerateManualPluginError.swift.o -Xfrontend -empty-abi-descriptor -Xcc -fretain-comments-from-system-headers -Xcc -Xclang -Xcc -detailed-preprocessing-record -Xcc -Xclang -Xcc -fmodule-format=raw -Xcc -Xclang -Xcc -fallow-pch-with-compiler-errors -Xcc -Xclang -Xcc -fallow-pcm-with-compiler-errors -Xcc -Wno-non-modular-include-in-framework-module -Xcc -Wno-incomplete-umbrella -index-file -index-file-path /Users/rose/Code/Yiana/YianaOCRService/.build/index-build/checkouts/swift-argument-parser/Plugins/GenerateManual/GenerateManualPluginError.swift -disable-batch-mode -index-store-path /Users/rose/Code/Yiana/YianaOCRService/.build/index-build/arm64-apple-macosx/debug/index/store", "logName": "SourceKit-LSP: Indexing", "type": 3}
INFO  2025-09-20 18:45:37,847 solidlsp:window_log_message:316 - LSP: window/logMessage: {"message": "游릴游릴游릶 Indexing /Users/rose/Code/Yiana/YianaOCRService/.build/index-build/checkouts/swift-argument-parser/Plugins/GenerateManual/PackagePlugin+Helpers.swift\n游릴游릴游릶 /Applications/Xcode.app/Contents/Developer/Toolchains/XcodeDefault.xctoolchain/usr/bin/swiftc -swift-version 5 -I /Applications/Xcode.app/Contents/Developer/Toolchains/XcodeDefault.xctoolchain/usr/lib/swift/pm/ManifestAPI -sdk /Applications/Xcode.app/Contents/Developer/Platforms/MacOSX.platform/Developer/SDKs/MacOSX26.0.sdk -package-description-version 5.8.0 /Users/rose/Code/Yiana/YianaOCRService/.build/index-build/checkouts/swift-argument-parser/Plugins/GenerateManual/GenerateManualPlugin.swift /Users/rose/Code/Yiana/YianaOCRService/.build/index-build/checkouts/swift-argument-parser/Plugins/GenerateManual/GenerateManualPluginError.swift /Users/rose/Code/Yiana/YianaOCRService/.build/index-build/checkouts/swift-argument-parser/Plugins/GenerateManual/PackagePlugin+Helpers.swift -index-unit-output-path /Users/rose/Code/Yiana/YianaOCRService/.build/index-build/checkouts/swift-argument-parser/Plugins/GenerateManual/PackagePlugin+Helpers.swift.o -Xfrontend -empty-abi-descriptor -Xcc -fretain-comments-from-system-headers -Xcc -Xclang -Xcc -detailed-preprocessing-record -Xcc -Xclang -Xcc -fmodule-format=raw -Xcc -Xclang -Xcc -fallow-pch-with-compiler-errors -Xcc -Xclang -Xcc -fallow-pcm-with-compiler-errors -Xcc -Wno-non-modular-include-in-framework-module -Xcc -Wno-incomplete-umbrella -index-file -index-file-path /Users/rose/Code/Yiana/YianaOCRService/.build/index-build/checkouts/swift-argument-parser/Plugins/GenerateManual/PackagePlugin+Helpers.swift -disable-batch-mode -index-store-path /Users/rose/Code/Yiana/YianaOCRService/.build/index-build/arm64-apple-macosx/debug/index/store", "logName": "SourceKit-LSP: Indexing", "type": 3}
INFO  2025-09-20 18:45:37,976 solidlsp:window_log_message:316 - LSP: window/logMessage: {"message": "游릴游릴游릶 /Users/rose/Code/Yiana/YianaOCRService/.build/index-build/checkouts/swift-argument-parser/Plugins/GenerateManual/GenerateManualPlugin.swift:12:8: error: no such module "PackagePlugin"", "logName": "SourceKit-LSP: Indexing", "type": 3}
INFO  2025-09-20 18:45:37,977 solidlsp:window_log_message:316 - LSP: window/logMessage: {"message": "游릴游릴游릶 10 | //===----------------------------------------------------------------------===//", "logName": "SourceKit-LSP: Indexing", "type": 3}
INFO  2025-09-20 18:45:37,977 solidlsp:window_log_message:316 - LSP: window/logMessage: {"message": "游릴游릴游릶 11 | ", "logName": "SourceKit-LSP: Indexing", "type": 3}
INFO  2025-09-20 18:45:37,977 solidlsp:window_log_message:316 - LSP: window/logMessage: {"message": "游릴游릴游릶 12 | import PackagePlugin", "logName": "SourceKit-LSP: Indexing", "type": 3}
INFO  2025-09-20 18:45:37,978 solidlsp:window_log_message:316 - LSP: window/logMessage: {"message": "游릴游릴游릶    |        `- error: no such module "PackagePlugin"", "logName": "SourceKit-LSP: Indexing", "type": 3}
INFO  2025-09-20 18:45:37,978 solidlsp:window_log_message:316 - LSP: window/logMessage: {"message": "游릴游릴游릶 13 | ", "logName": "SourceKit-LSP: Indexing", "type": 3}
INFO  2025-09-20 18:45:37,978 solidlsp:window_log_message:316 - LSP: window/logMessage: {"message": "游릴游릴游릶 14 | @main", "logName": "SourceKit-LSP: Indexing", "type": 3}
INFO  2025-09-20 18:45:37,979 solidlsp:window_log_message:316 - LSP: window/logMessage: {"message": "游릴游릴游릶 Finished with exit code 1 in 0.132110334 seconds", "logName": "SourceKit-LSP: Indexing", "type": 1}
INFO  2025-09-20 18:45:37,982 solidlsp:window_log_message:316 - LSP: window/logMessage: {"logName": "SourceKit-LSP: Indexing", "type": 3, "message": "游릳拘勇拘勇 /Users/rose/Code/Yiana/YianaOCRService/.build/index-build/checkouts/swift-argument-parser/Plugins/GenerateManual/GenerateManualPlugin.swift:12:8: error: no such module "PackagePlugin""}
INFO  2025-09-20 18:45:37,983 solidlsp:window_log_message:316 - LSP: window/logMessage: {"logName": "SourceKit-LSP: Indexing", "type": 3, "message": "游릳拘勇拘勇 10 | //===----------------------------------------------------------------------===//"}
INFO  2025-09-20 18:45:37,983 solidlsp:window_log_message:316 - LSP: window/logMessage: {"logName": "SourceKit-LSP: Indexing", "type": 3, "message": "游릳拘勇拘勇 11 | "}
INFO  2025-09-20 18:45:37,983 solidlsp:window_log_message:316 - LSP: window/logMessage: {"logName": "SourceKit-LSP: Indexing", "type": 3, "message": "游릳拘勇拘勇 12 | import PackagePlugin"}
INFO  2025-09-20 18:45:37,983 solidlsp:window_log_message:316 - LSP: window/logMessage: {"logName": "SourceKit-LSP: Indexing", "type": 3, "message": "游릳拘勇拘勇    |        `- error: no such module "PackagePlugin""}
INFO  2025-09-20 18:45:37,983 solidlsp:window_log_message:316 - LSP: window/logMessage: {"logName": "SourceKit-LSP: Indexing", "type": 3, "message": "游릳拘勇拘勇 13 | "}
INFO  2025-09-20 18:45:37,984 solidlsp:window_log_message:316 - LSP: window/logMessage: {"logName": "SourceKit-LSP: Indexing", "type": 3, "message": "游릳拘勇拘勇 14 | @main"}
INFO  2025-09-20 18:45:37,985 solidlsp:window_log_message:316 - LSP: window/logMessage: {"logName": "SourceKit-LSP: Indexing", "type": 1, "message": "游릳拘勇拘勇 Finished with exit code 1 in 0.138614042 seconds"}
INFO  2025-09-20 18:45:37,993 solidlsp:window_log_message:316 - LSP: window/logMessage: {"logName": "SourceKit-LSP: Indexing", "type": 3, "message": "游릶拘럺잺游린 /Users/rose/Code/Yiana/YianaOCRService/.build/index-build/checkouts/swift-argument-parser/Plugins/GenerateManual/GenerateManualPlugin.swift:12:8: error: no such module "PackagePlugin""}
INFO  2025-09-20 18:45:37,993 solidlsp:window_log_message:316 - LSP: window/logMessage: {"logName": "SourceKit-LSP: Indexing", "type": 3, "message": "游릶拘럺잺游린 10 | //===----------------------------------------------------------------------===//"}
INFO  2025-09-20 18:45:37,994 solidlsp:window_log_message:316 - LSP: window/logMessage: {"logName": "SourceKit-LSP: Indexing", "type": 3, "message": "游릶拘럺잺游린 11 | "}
INFO  2025-09-20 18:45:37,994 solidlsp:window_log_message:316 - LSP: window/logMessage: {"logName": "SourceKit-LSP: Indexing", "type": 3, "message": "游릶拘럺잺游린 12 | import PackagePlugin"}
INFO  2025-09-20 18:45:37,994 solidlsp:window_log_message:316 - LSP: window/logMessage: {"logName": "SourceKit-LSP: Indexing", "type": 3, "message": "游릶拘럺잺游린    |        `- error: no such module "PackagePlugin""}
INFO  2025-09-20 18:45:37,994 solidlsp:window_log_message:316 - LSP: window/logMessage: {"logName": "SourceKit-LSP: Indexing", "type": 3, "message": "游릶拘럺잺游린 13 | "}
INFO  2025-09-20 18:45:37,995 solidlsp:window_log_message:316 - LSP: window/logMessage: {"logName": "SourceKit-LSP: Indexing", "type": 3, "message": "游릶拘럺잺游린 14 | @main"}
INFO  2025-09-20 18:45:37,996 solidlsp:window_log_message:316 - LSP: window/logMessage: {"logName": "SourceKit-LSP: Indexing", "type": 1, "message": "游릶拘럺잺游린 Finished with exit code 1 in 0.149268417 seconds"}
INFO  2025-09-20 18:45:38,172 solidlsp:window_log_message:316 - LSP: window/logMessage: {"logName": "SourceKit-LSP: Indexing", "type": 3, "message": "游릶游릳游릴 Building for debugging..."}
INFO  2025-09-20 18:45:38,189 solidlsp:window_log_message:316 - LSP: window/logMessage: {"logName": "SourceKit-LSP: Indexing", "type": 3, "message": "游릶游릳游릴 [0/6] Write sources"}
INFO  2025-09-20 18:45:38,263 solidlsp:window_log_message:316 - LSP: window/logMessage: {"logName": "SourceKit-LSP: Indexing", "type": 3, "message": "游릶游릳游릴 [5/6] Write swift-version--58304C5D6DBC2206.txt"}
INFO  2025-09-20 18:45:38,442 solidlsp:window_log_message:316 - LSP: window/logMessage: {"logName": "SourceKit-LSP: Indexing", "type": 3, "message": "游릶游릳游릴 [7/13] Compiling ArgumentParserToolInfo ToolInfo.swift"}
INFO  2025-09-20 18:45:38,443 solidlsp:window_log_message:316 - LSP: window/logMessage: {"logName": "SourceKit-LSP: Indexing", "type": 3, "message": "游릶游릳游릴 [8/13] Emitting module ArgumentParserToolInfo"}
INFO  2025-09-20 18:45:38,741 serena.agent:stop:336 - Task-4[<lambda>] completed in 7.036 seconds
INFO  2025-09-20 18:45:38,741 serena.cli:health_check:637 - FindReferencingSymbolsTool found 0 references for symbol package
INFO  2025-09-20 18:45:38,741 serena.cli:health_check:643 - Testing SearchForPatternTool for pattern: package
INFO  2025-09-20 18:45:38,741 serena.agent:issue_task:420 - Scheduling Task-5[<lambda>]
INFO  2025-09-20 18:45:38,741 serena.agent:start:329 - Task-5[<lambda>] starting ...
INFO  2025-09-20 18:45:38,752 serena.text_utils:search_files:326 - Processing 72 files.
INFO  2025-09-20 18:45:38,770 serena.text_utils:search_files:367 - Found 5 total matches across 72 files
INFO  2025-09-20 18:45:38,770 serena.agent:stop:336 - Task-5[<lambda>] completed in 0.029 seconds
INFO  2025-09-20 18:45:38,770 serena.cli:health_check:650 - SearchForPatternTool found 5 pattern matches for package
INFO  2025-09-20 18:45:38,770 serena.cli:health_check:664 - Health check completed successfully
